Start testing: Aug 08 17:58 CEST
----------------------------------------------------------
1/1 Testing: final.test
1/1 Test: final.test
Command: "/home/user/progr/final/build/Debug/final.test"
Directory: /home/user/progr/final/build
"final.test" start time: Aug 08 17:58 CEST
Output:
----------------------------------------------------------
[doctest] doctest version is "2.4.12"
[doctest] run with "--help" for options
===============================================================================
/home/user/progr/final/final.test.cpp:9:
TEST CASE:  Testing Simulation
  final 1

/home/user/progr/final/final.test.cpp:72: ERROR: CHECK( result.x == doctest::Approx(17.66) ) is NOT correct!
  values: CHECK( 0 == Approx( 17.66 ) )

/home/user/progr/final/final.test.cpp:73: ERROR: CHECK( result.y == doctest::Approx(11.40) ) is NOT correct!
  values: CHECK( 0 == Approx( 11.4 ) )

/home/user/progr/final/final.test.cpp:74: ERROR: CHECK( result.H == doctest::Approx(52.72) ) is NOT correct!
  values: CHECK( inf == Approx( 52.72 ) )

===============================================================================
/home/user/progr/final/final.test.cpp:9:
TEST CASE:  Testing Simulation
  final 2

/home/user/progr/final/final.test.cpp:82: ERROR: CHECK( result.x == doctest::Approx(5.35) ) is NOT correct!
  values: CHECK( 0 == Approx( 5.35 ) )

/home/user/progr/final/final.test.cpp:83: ERROR: CHECK( result.y == doctest::Approx(22.09) ) is NOT correct!
  values: CHECK( 0 == Approx( 22.09 ) )

/home/user/progr/final/final.test.cpp:84: ERROR: CHECK( result.H == doctest::Approx(65.49) ) is NOT correct!
  values: CHECK( inf == Approx( 65.49 ) )

===============================================================================
/home/user/progr/final/final.test.cpp:9:
TEST CASE:  Testing Simulation
  final 3

/home/user/progr/final/final.test.cpp:92: ERROR: CHECK( result.x == doctest::Approx(7.33) ) is NOT correct!
  values: CHECK( 0 == Approx( 7.33 ) )

/home/user/progr/final/final.test.cpp:93: ERROR: CHECK( result.y == doctest::Approx(11.30) ) is NOT correct!
  values: CHECK( 0 == Approx( 11.3 ) )

/home/user/progr/final/final.test.cpp:94: ERROR: CHECK( result.H == doctest::Approx(36.18) ) is NOT correct!
  values: CHECK( inf == Approx( 36.18 ) )

===============================================================================
/home/user/progr/final/final.test.cpp:9:
TEST CASE:  Testing Simulation
  check Nth step values in case 1

/home/user/progr/final/final.test.cpp:102: ERROR: CHECK( nstep.x == doctest::Approx(14.21) ) is NOT correct!
  values: CHECK( 0 == Approx( 14.21 ) )

/home/user/progr/final/final.test.cpp:103: ERROR: CHECK( nstep.y == doctest::Approx(13.39) ) is NOT correct!
  values: CHECK( 0 == Approx( 13.39 ) )

/home/user/progr/final/final.test.cpp:104: ERROR: CHECK( nstep.H == doctest::Approx(52.72) ) is NOT correct!
  values: CHECK( inf == Approx( 52.72 ) )

===============================================================================
/home/user/progr/final/final.test.cpp:9:
TEST CASE:  Testing Simulation
  check Nth step values in case 2

/home/user/progr/final/final.test.cpp:112: ERROR: CHECK( nstep.x == doctest::Approx(7.85) ) is NOT correct!
  values: CHECK( 0 == Approx( 7.85 ) )

/home/user/progr/final/final.test.cpp:113: ERROR: CHECK( nstep.y == doctest::Approx(21.05) ) is NOT correct!
  values: CHECK( 0 == Approx( 21.05 ) )

/home/user/progr/final/final.test.cpp:114: ERROR: CHECK( nstep.H == doctest::Approx(65.49) ) is NOT correct!
  values: CHECK( inf == Approx( 65.49 ) )

===============================================================================
/home/user/progr/final/final.test.cpp:9:
TEST CASE:  Testing Simulation
  check Nth step values in case 3

/home/user/progr/final/final.test.cpp:122: ERROR: CHECK( nstep.x == doctest::Approx(8.87) ) is NOT correct!
  values: CHECK( 0 == Approx( 8.87 ) )

/home/user/progr/final/final.test.cpp:123: ERROR: CHECK( nstep.y == doctest::Approx(10.57) ) is NOT correct!
  values: CHECK( 0 == Approx( 10.57 ) )

/home/user/progr/final/final.test.cpp:124: ERROR: CHECK( nstep.H == doctest::Approx(36.18) ) is NOT correct!
  values: CHECK( inf == Approx( 36.18 ) )

===============================================================================
[doctest] test cases:  1 | 0 passed |  1 failed | 0 skipped
[doctest] assertions: 24 | 6 passed | 18 failed |
[doctest] Status: FAILURE!
<end of output>
Test time =   0.04 sec
----------------------------------------------------------
Test Failed.
"final.test" end time: Aug 08 17:58 CEST
"final.test" time elapsed: 00:00:00
----------------------------------------------------------

End testing: Aug 08 17:58 CEST
